
Showing logs for build [32mcb-kubecd-environment-pr-190-6-xtpdg-1[0m stage [32mfrom-build-pack[0m and container [32mstep-credential-initializer-htfw8[0m
{"level":"warn","ts":1585240858.0616648,"logger":"fallback-logger","caller":"logging/config.go:69","msg":"Fetch GitHub commit ID from kodata failed: \"ref: refs/heads/0.8.0-**-support-backwards-incompats\" is not a valid GitHub commit ID"}
{"level":"info","ts":1585240858.0621395,"logger":"fallback-logger","caller":"creds-init/main.go:40","msg":"Credentials initialized."}

Showing logs for build [32mcb-kubecd-environment-pr-190-6-xtpdg-1[0m stage [32mfrom-build-pack[0m and container [32mstep-working-dir-initializer-rzgnv[0m
{"level":"warn","ts":1585240859.0089083,"logger":"fallback-logger","caller":"logging/config.go:69","msg":"Fetch GitHub commit ID from kodata failed: open /var/run/ko/HEAD: no such file or directory"}
{"level":"info","ts":1585240859.0105453,"logger":"fallback-logger","caller":"bash/main.go:64","msg":"Successfully executed command \"sh -c mkdir -p /workspace/source\"; output "}

Showing logs for build [32mcb-kubecd-environment-pr-190-6-xtpdg-1[0m stage [32mfrom-build-pack[0m and container [32mstep-place-tools[0m

Showing logs for build [32mcb-kubecd-environment-pr-190-6-xtpdg-1[0m stage [32mfrom-build-pack[0m and container [32mstep-git-source-cb-kubecd-environment-pr-190-6-xtpdg-sbt55[0m
{"level":"warn","ts":1585240887.1982481,"logger":"fallback-logger","caller":"logging/config.go:69","msg":"Fetch GitHub commit ID from kodata failed: \"ref: refs/heads/0.8.0-**-support-backwards-incompats\" is not a valid GitHub commit ID"}
{"level":"info","ts":1585240888.280913,"logger":"fallback-logger","caller":"git/git.go:103","msg":"Successfully cloned https://github.com/cb-kubecd/environment-pr-190-6-boot-vault-gke-staging.git @ master in path /workspace/source"}

Showing logs for build [32mcb-kubecd-environment-pr-190-6-xtpdg-1[0m stage [32mfrom-build-pack[0m and container [32mstep-git-merge[0m
Using SHAs from PULL_REFS=master:e8ab4fc7f675716a1c824db32259298841eb50e8,1:73b873e3c46d0f90d65f6d8906f44212df7b126a
DEBUG: LC_ALL=C JX_LOG_LEVEL=error git fetch origin --unshallow 73b873e3c46d0f90d65f6d8906f44212df7b126a: e8ab4fc7f675716a1c824db32259298841eb50e8:
DEBUG: ran git fetch --unshallow origin 73b873e3c46d0f90d65f6d8906f44212df7b126a: e8ab4fc7f675716a1c824db32259298841eb50e8: in 
DEBUG: LC_ALL=C JX_LOG_LEVEL=error git branch
DEBUG: LC_ALL=C JX_LOG_LEVEL=error git checkout master
DEBUG: ran git checkout master in 
DEBUG: JX_LOG_LEVEL=error LC_ALL=C git reset --hard e8ab4fc7f675716a1c824db32259298841eb50e8
DEBUG: ran git reset --hard e8ab4fc7f675716a1c824db32259298841eb50e8 in 
DEBUG: JX_LOG_LEVEL=error LC_ALL=C git clean -fd .
DEBUG: ran clean --force -d . in 
DEBUG: LC_ALL=C JX_LOG_LEVEL=error git merge 73b873e3c46d0f90d65f6d8906f44212df7b126a
DEBUG: ran git merge 73b873e3c46d0f90d65f6d8906f44212df7b126a in 
DEBUG: LC_ALL=C JX_LOG_LEVEL=error git log --format=%H%x1f%an%x1f%ae%x1f%cn%x1f%ce%x1f%s%n%b%x1e e8ab4fc7f675716a1c824db32259298841eb50e8..HEAD
Merged SHA 73b873e3c46d0f90d65f6d8906f44212df7b126a with commit message 'chore: Promote bdd-spring-1585240494 to version 0.0.1' into base branch master

Showing logs for build [32mcb-kubecd-environment-pr-190-6-xtpdg-1[0m stage [32mfrom-build-pack[0m and container [32mstep-build-helm-build[0m
WARNING: No $CHART_REPOSITORY defined so using the default value of: http://jenkins-x-chartmuseum:8080
Adding missing Helm repo: storage.googleapis.com https://storage.googleapis.com/chartmuseum.jenkins-x.io
WARNING: No secrets found on "helm/repos" due: reading the secret "helm/repos" from vault: no secret "helm/repos" not found in vault
Read credentials for https://storage.googleapis.com/chartmuseum.jenkins-x.io from vault helm/repos
Successfully added Helm repository storage.googleapis.com.
Adding missing Helm repo: jenkins-x-chartmuseum http://jenkins-x-chartmuseum:8080
WARNING: No secrets found on "helm/repos" due: reading the secret "helm/repos" from vault: no secret "helm/repos" not found in vault
Read credentials for http://jenkins-x-chartmuseum:8080 from vault helm/repos
Successfully added Helm repository jenkins-x-chartmuseum.
WARNING: No $CHART_REPOSITORY defined so using the default value of: http://jenkins-x-chartmuseum:8080
Adding missing Helm repo: chartmuseum.jenkins-x.io http://chartmuseum.jenkins-x.io
WARNING: No secrets found on "helm/repos" due: reading the secret "helm/repos" from vault: no secret "helm/repos" not found in vault
Read credentials for http://chartmuseum.jenkins-x.io from vault helm/repos
Successfully added Helm repository chartmuseum.jenkins-x.io.
