
Showing logs for build [32mcb-kubecd-environment-pr-190-6-hrvn2-1[0m stage [32mfrom-build-pack[0m and container [32mstep-credential-initializer-jw7tr[0m
{"level":"warn","ts":1585245078.2466726,"logger":"fallback-logger","caller":"logging/config.go:69","msg":"Fetch GitHub commit ID from kodata failed: \"ref: refs/heads/0.8.0-**-support-backwards-incompats\" is not a valid GitHub commit ID"}
{"level":"info","ts":1585245078.2474687,"logger":"fallback-logger","caller":"creds-init/main.go:40","msg":"Credentials initialized."}

Showing logs for build [32mcb-kubecd-environment-pr-190-6-hrvn2-1[0m stage [32mfrom-build-pack[0m and container [32mstep-working-dir-initializer-bk2g8[0m
{"level":"warn","ts":1585245079.7910724,"logger":"fallback-logger","caller":"logging/config.go:69","msg":"Fetch GitHub commit ID from kodata failed: open /var/run/ko/HEAD: no such file or directory"}
{"level":"info","ts":1585245079.7935288,"logger":"fallback-logger","caller":"bash/main.go:64","msg":"Successfully executed command \"sh -c mkdir -p /workspace/source\"; output "}

Showing logs for build [32mcb-kubecd-environment-pr-190-6-hrvn2-1[0m stage [32mfrom-build-pack[0m and container [32mstep-place-tools[0m

Showing logs for build [32mcb-kubecd-environment-pr-190-6-hrvn2-1[0m stage [32mfrom-build-pack[0m and container [32mstep-git-source-cb-kubecd-environment-pr-190-6-hrvn2-nbcmr[0m
{"level":"warn","ts":1585245085.9272907,"logger":"fallback-logger","caller":"logging/config.go:69","msg":"Fetch GitHub commit ID from kodata failed: \"ref: refs/heads/0.8.0-**-support-backwards-incompats\" is not a valid GitHub commit ID"}
{"level":"info","ts":1585245086.992769,"logger":"fallback-logger","caller":"git/git.go:103","msg":"Successfully cloned https://github.com/cb-kubecd/environment-pr-190-6-boot-vault-gke-staging.git @ master in path /workspace/source"}

Showing logs for build [32mcb-kubecd-environment-pr-190-6-hrvn2-1[0m stage [32mfrom-build-pack[0m and container [32mstep-git-merge[0m
Using SHAs from PULL_REFS=master:063f2a7192b490558dcde09223e56aecba022cf8,4:20b4a458e93989a2bf5a9f1deeb6fd505742dc1c
DEBUG: LC_ALL=C JX_LOG_LEVEL=error git fetch origin --unshallow 20b4a458e93989a2bf5a9f1deeb6fd505742dc1c: 063f2a7192b490558dcde09223e56aecba022cf8:
DEBUG: ran git fetch --unshallow origin 20b4a458e93989a2bf5a9f1deeb6fd505742dc1c: 063f2a7192b490558dcde09223e56aecba022cf8: in 
DEBUG: JX_LOG_LEVEL=error LC_ALL=C git branch
DEBUG: LC_ALL=C JX_LOG_LEVEL=error git checkout master
DEBUG: ran git checkout master in 
DEBUG: LC_ALL=C JX_LOG_LEVEL=error git reset --hard 063f2a7192b490558dcde09223e56aecba022cf8
DEBUG: ran git reset --hard 063f2a7192b490558dcde09223e56aecba022cf8 in 
DEBUG: LC_ALL=C JX_LOG_LEVEL=error git clean -fd .
DEBUG: ran clean --force -d . in 
DEBUG: LC_ALL=C JX_LOG_LEVEL=error git merge 20b4a458e93989a2bf5a9f1deeb6fd505742dc1c
DEBUG: ran git merge 20b4a458e93989a2bf5a9f1deeb6fd505742dc1c in 
DEBUG: LC_ALL=C JX_LOG_LEVEL=error git log --format=%H%x1f%an%x1f%ae%x1f%cn%x1f%ce%x1f%s%n%b%x1e 063f2a7192b490558dcde09223e56aecba022cf8..HEAD
Merged SHA 20b4a458e93989a2bf5a9f1deeb6fd505742dc1c with commit message 'chore: Promote bdd-gh-1585242238 to version 0.0.2' into base branch master

Showing logs for build [32mcb-kubecd-environment-pr-190-6-hrvn2-1[0m stage [32mfrom-build-pack[0m and container [32mstep-build-helm-build[0m
WARNING: No $CHART_REPOSITORY defined so using the default value of: http://jenkins-x-chartmuseum:8080
Adding missing Helm repo: storage.googleapis.com https://storage.googleapis.com/chartmuseum.jenkins-x.io
WARNING: No secrets found on "helm/repos" due: reading the secret "helm/repos" from vault: no secret "helm/repos" not found in vault
Read credentials for https://storage.googleapis.com/chartmuseum.jenkins-x.io from vault helm/repos
Successfully added Helm repository storage.googleapis.com.
Adding missing Helm repo: jenkins-x-chartmuseum http://jenkins-x-chartmuseum:8080
WARNING: No secrets found on "helm/repos" due: reading the secret "helm/repos" from vault: no secret "helm/repos" not found in vault
Read credentials for http://jenkins-x-chartmuseum:8080 from vault helm/repos
Successfully added Helm repository jenkins-x-chartmuseum.
WARNING: No $CHART_REPOSITORY defined so using the default value of: http://jenkins-x-chartmuseum:8080
Adding missing Helm repo: chartmuseum.jenkins-x.io http://chartmuseum.jenkins-x.io
WARNING: No secrets found on "helm/repos" due: reading the secret "helm/repos" from vault: no secret "helm/repos" not found in vault
Read credentials for http://chartmuseum.jenkins-x.io from vault helm/repos
Successfully added Helm repository chartmuseum.jenkins-x.io.
