
Showing logs for build [32mcb-kubecd-environment-pr-190-6-k2k5g-1[0m stage [32mfrom-build-pack[0m and container [32mstep-credential-initializer-ml7qx[0m
{"level":"warn","ts":1585242527.509807,"logger":"fallback-logger","caller":"logging/config.go:69","msg":"Fetch GitHub commit ID from kodata failed: \"ref: refs/heads/0.8.0-**-support-backwards-incompats\" is not a valid GitHub commit ID"}
{"level":"info","ts":1585242527.5104637,"logger":"fallback-logger","caller":"creds-init/main.go:40","msg":"Credentials initialized."}

Showing logs for build [32mcb-kubecd-environment-pr-190-6-k2k5g-1[0m stage [32mfrom-build-pack[0m and container [32mstep-working-dir-initializer-w5kzz[0m
{"level":"warn","ts":1585242528.4899607,"logger":"fallback-logger","caller":"logging/config.go:69","msg":"Fetch GitHub commit ID from kodata failed: open /var/run/ko/HEAD: no such file or directory"}
{"level":"info","ts":1585242528.491744,"logger":"fallback-logger","caller":"bash/main.go:64","msg":"Successfully executed command \"sh -c mkdir -p /workspace/source\"; output "}

Showing logs for build [32mcb-kubecd-environment-pr-190-6-k2k5g-1[0m stage [32mfrom-build-pack[0m and container [32mstep-place-tools[0m

Showing logs for build [32mcb-kubecd-environment-pr-190-6-k2k5g-1[0m stage [32mfrom-build-pack[0m and container [32mstep-git-source-cb-kubecd-environment-pr-190-6-k2k5g-nbpdl[0m
{"level":"warn","ts":1585242555.5367033,"logger":"fallback-logger","caller":"logging/config.go:69","msg":"Fetch GitHub commit ID from kodata failed: \"ref: refs/heads/0.8.0-**-support-backwards-incompats\" is not a valid GitHub commit ID"}
{"level":"info","ts":1585242556.5884342,"logger":"fallback-logger","caller":"git/git.go:103","msg":"Successfully cloned https://github.com/cb-kubecd/environment-pr-190-6-boot-vault-gke-staging.git @ master in path /workspace/source"}

Showing logs for build [32mcb-kubecd-environment-pr-190-6-k2k5g-1[0m stage [32mfrom-build-pack[0m and container [32mstep-git-merge[0m
Using SHAs from PULL_REFS=master:0a0b79368cd351add46fb45260c8d9cd42bccb54,2:9b6b509a1a113abf6a76bc8042bee34fa5a0c601
DEBUG: LC_ALL=C JX_LOG_LEVEL=error git fetch origin --unshallow 9b6b509a1a113abf6a76bc8042bee34fa5a0c601: 0a0b79368cd351add46fb45260c8d9cd42bccb54:
DEBUG: ran git fetch --unshallow origin 9b6b509a1a113abf6a76bc8042bee34fa5a0c601: 0a0b79368cd351add46fb45260c8d9cd42bccb54: in 
DEBUG: LC_ALL=C JX_LOG_LEVEL=error git branch
DEBUG: LC_ALL=C JX_LOG_LEVEL=error git checkout master
DEBUG: ran git checkout master in 
DEBUG: LC_ALL=C JX_LOG_LEVEL=error git reset --hard 0a0b79368cd351add46fb45260c8d9cd42bccb54
DEBUG: ran git reset --hard 0a0b79368cd351add46fb45260c8d9cd42bccb54 in 
DEBUG: LC_ALL=C JX_LOG_LEVEL=error git clean -fd .
DEBUG: ran clean --force -d . in 
DEBUG: LC_ALL=C JX_LOG_LEVEL=error git merge 9b6b509a1a113abf6a76bc8042bee34fa5a0c601
DEBUG: ran git merge 9b6b509a1a113abf6a76bc8042bee34fa5a0c601 in 
DEBUG: LC_ALL=C JX_LOG_LEVEL=error git log --format=%H%x1f%an%x1f%ae%x1f%cn%x1f%ce%x1f%s%n%b%x1e 0a0b79368cd351add46fb45260c8d9cd42bccb54..HEAD
Merged SHA 9b6b509a1a113abf6a76bc8042bee34fa5a0c601 with commit message 'chore: Promote bdd-nh-1585242238 to version 0.0.1' into base branch master

Showing logs for build [32mcb-kubecd-environment-pr-190-6-k2k5g-1[0m stage [32mfrom-build-pack[0m and container [32mstep-build-helm-build[0m
WARNING: No $CHART_REPOSITORY defined so using the default value of: http://jenkins-x-chartmuseum:8080
Adding missing Helm repo: storage.googleapis.com https://storage.googleapis.com/chartmuseum.jenkins-x.io
WARNING: No secrets found on "helm/repos" due: reading the secret "helm/repos" from vault: no secret "helm/repos" not found in vault
Read credentials for https://storage.googleapis.com/chartmuseum.jenkins-x.io from vault helm/repos
Successfully added Helm repository storage.googleapis.com.
Adding missing Helm repo: jenkins-x-chartmuseum http://jenkins-x-chartmuseum:8080
WARNING: No secrets found on "helm/repos" due: reading the secret "helm/repos" from vault: no secret "helm/repos" not found in vault
Read credentials for http://jenkins-x-chartmuseum:8080 from vault helm/repos
Successfully added Helm repository jenkins-x-chartmuseum.
WARNING: No $CHART_REPOSITORY defined so using the default value of: http://jenkins-x-chartmuseum:8080
Adding missing Helm repo: chartmuseum.jenkins-x.io http://chartmuseum.jenkins-x.io
WARNING: No secrets found on "helm/repos" due: reading the secret "helm/repos" from vault: no secret "helm/repos" not found in vault
Read credentials for http://chartmuseum.jenkins-x.io from vault helm/repos
Successfully added Helm repository chartmuseum.jenkins-x.io.
